Started GET "/" for 127.0.0.1 at 2021-08-23 22:25:20 +0800
  [1m[35m (8.7ms)[0m  [1m[34mSELECT sqlite_version(*)[0m
Processing by Rails::WelcomeController#index as HTML
  Rendering /home/overgeared/.rvm/gems/ruby-3.0.0/gems/railties-6.1.4.1/lib/rails/templates/rails/welcome/index.html.erb
  Rendered /home/overgeared/.rvm/gems/ruby-3.0.0/gems/railties-6.1.4.1/lib/rails/templates/rails/welcome/index.html.erb (Duration: 22.8ms | Allocations: 518)
Completed 200 OK in 336ms (Views: 107.1ms | ActiveRecord: 0.0ms | Allocations: 4175)


Started GET "/" for 127.0.0.1 at 2021-08-24 11:52:42 +0800
  [1m[35m (0.8ms)[0m  [1m[34mSELECT sqlite_version(*)[0m
Processing by Rails::WelcomeController#index as HTML
  Rendering /home/overgeared/.rvm/gems/ruby-3.0.0/gems/railties-6.1.4.1/lib/rails/templates/rails/welcome/index.html.erb
  Rendered /home/overgeared/.rvm/gems/ruby-3.0.0/gems/railties-6.1.4.1/lib/rails/templates/rails/welcome/index.html.erb (Duration: 15.5ms | Allocations: 414)
Completed 200 OK in 62ms (Views: 32.8ms | ActiveRecord: 0.0ms | Allocations: 3077)


Started GET "/" for 127.0.0.1 at 2021-08-24 11:53:09 +0800
Processing by Rails::WelcomeController#index as HTML
  Rendering /home/overgeared/.rvm/gems/ruby-3.0.0/gems/railties-6.1.4.1/lib/rails/templates/rails/welcome/index.html.erb
  Rendered /home/overgeared/.rvm/gems/ruby-3.0.0/gems/railties-6.1.4.1/lib/rails/templates/rails/welcome/index.html.erb (Duration: 14.2ms | Allocations: 219)
Completed 200 OK in 30ms (Views: 28.4ms | ActiveRecord: 0.0ms | Allocations: 953)


Started GET "/home/index" for 127.0.0.1 at 2021-08-24 11:53:48 +0800
Processing by HomeController#index as HTML
  Rendering layout layouts/application.html.erb
  Rendering home/index.html.erb within layouts/application
  Rendered home/index.html.erb within layouts/application (Duration: 0.4ms | Allocations: 112)
[Webpacker] Compiling...
[Webpacker] Compiled all packs in /home/overgeared/Documents/Ruby/Rails Basic/Rails-Friendslist/friends/public/packs
[Webpacker] Hash: e2a8a876c5815bee1e21
Version: webpack 4.46.0
Time: 11974ms
Built at: 08/24/2021 11:54:08 AM
                                     Asset       Size       Chunks                         Chunk Names
    js/application-e421b4aa3f716bebdab1.js    125 KiB  application  [emitted] [immutable]  application
js/application-e421b4aa3f716bebdab1.js.map    139 KiB  application  [emitted] [dev]        application
                             manifest.json  364 bytes               [emitted]              
Entrypoint application = js/application-e421b4aa3f716bebdab1.js js/application-e421b4aa3f716bebdab1.js.map
[./app/javascript/channels sync recursive _channel\.js$] ./app/javascript/channels sync _channel\.js$ 160 bytes {application} [built]
[./app/javascript/channels/index.js] 211 bytes {application} [built]
[./app/javascript/packs/application.js] 492 bytes {application} [built]
[./node_modules/webpack/buildin/module.js] (webpack)/buildin/module.js 552 bytes {application} [built]
    + 3 hidden modules

  Rendered layout layouts/application.html.erb (Duration: 20053.1ms | Allocations: 14851)
Completed 200 OK in 20063ms (Views: 20061.5ms | ActiveRecord: 0.0ms | Allocations: 16069)


Started GET "/home/index" for 127.0.0.1 at 2021-08-24 22:01:47 +0800
  [1m[35m (3.9ms)[0m  [1m[34mSELECT sqlite_version(*)[0m
Processing by HomeController#index as HTML
  Rendering layout layouts/application.html.erb
  Rendering home/index.html.erb within layouts/application
  Rendered home/index.html.erb within layouts/application (Duration: 0.9ms | Allocations: 293)
[Webpacker] Everything's up-to-date. Nothing to do
  Rendered layout layouts/application.html.erb (Duration: 155.8ms | Allocations: 13830)
Completed 200 OK in 204ms (Views: 170.0ms | ActiveRecord: 0.0ms | Allocations: 16982)


Started GET "/home/index" for 127.0.0.1 at 2021-08-24 22:04:53 +0800
Processing by HomeController#index as HTML
  Rendering layout layouts/application.html.erb
  Rendering home/index.html.erb within layouts/application
  Rendered home/index.html.erb within layouts/application (Duration: 2.2ms | Allocations: 113)
[Webpacker] Everything's up-to-date. Nothing to do
  Rendered layout layouts/application.html.erb (Duration: 33.5ms | Allocations: 3372)
Completed 200 OK in 52ms (Views: 48.3ms | Allocations: 4604)


Started GET "/" for 127.0.0.1 at 2021-08-24 22:05:02 +0800
Processing by HomeController#index as HTML
  Rendering layout layouts/application.html.erb
  Rendering home/index.html.erb within layouts/application
  Rendered home/index.html.erb within layouts/application (Duration: 0.2ms | Allocations: 39)
[Webpacker] Everything's up-to-date. Nothing to do
  Rendered layout layouts/application.html.erb (Duration: 22.6ms | Allocations: 3082)
Completed 200 OK in 28ms (Views: 27.3ms | Allocations: 3529)


Started GET "/" for 127.0.0.1 at 2021-08-24 22:06:46 +0800
Processing by HomeController#index as HTML
  Rendering layout layouts/application.html.erb
  Rendering home/index.html.erb within layouts/application
  Rendered home/index.html.erb within layouts/application (Duration: 0.5ms | Allocations: 111)
[Webpacker] Everything's up-to-date. Nothing to do
  Rendered layout layouts/application.html.erb (Duration: 23.7ms | Allocations: 3384)
Completed 200 OK in 37ms (Views: 33.5ms | Allocations: 4588)


Started GET "/home/about" for 127.0.0.1 at 2021-08-24 22:40:36 +0800
  [1m[35m (0.6ms)[0m  [1m[34mSELECT sqlite_version(*)[0m
Processing by HomeController#about as HTML
  Rendering layout layouts/application.html.erb
  Rendering home/about.html.erb within layouts/application
  Rendered home/about.html.erb within layouts/application (Duration: 0.9ms | Allocations: 291)
[Webpacker] Everything's up-to-date. Nothing to do
  Rendered layout layouts/application.html.erb (Duration: 62.5ms | Allocations: 5918)
Completed 200 OK in 112ms (Views: 76.8ms | ActiveRecord: 0.0ms | Allocations: 9071)


Started GET "/home/about" for 127.0.0.1 at 2021-08-24 22:50:12 +0800
Processing by HomeController#about as HTML
  Rendering layout layouts/application.html.erb
  Rendering home/about.html.erb within layouts/application
  Rendered home/about.html.erb within layouts/application (Duration: 0.5ms | Allocations: 107)
[Webpacker] Everything's up-to-date. Nothing to do
  Rendered layout layouts/application.html.erb (Duration: 229.9ms | Allocations: 3402)
Completed 200 OK in 318ms (Views: 278.9ms | Allocations: 4609)


Started GET "/" for 127.0.0.1 at 2021-08-24 22:51:50 +0800
Processing by HomeController#index as HTML
  Rendering layout layouts/application.html.erb
  Rendering home/index.html.erb within layouts/application
  Rendered home/index.html.erb within layouts/application (Duration: 0.5ms | Allocations: 114)
[Webpacker] Everything's up-to-date. Nothing to do
  Rendered layout layouts/application.html.erb (Duration: 26.3ms | Allocations: 3410)
Completed 200 OK in 43ms (Views: 35.3ms | Allocations: 4612)


Started GET "/" for 127.0.0.1 at 2021-08-24 22:57:07 +0800
Processing by HomeController#index as HTML
  Rendering layout layouts/application.html.erb
  Rendering home/index.html.erb within layouts/application
  Rendered home/index.html.erb within layouts/application (Duration: 0.5ms | Allocations: 111)
[Webpacker] Everything's up-to-date. Nothing to do
  Rendered home/_header.html.erb (Duration: 5.9ms | Allocations: 114)
  Rendered layout layouts/application.html.erb (Duration: 32.3ms | Allocations: 3748)
Completed 200 OK in 44ms (Views: 42.1ms | Allocations: 4958)


Started GET "/" for 127.0.0.1 at 2021-08-25 16:18:32 +0800
Processing by HomeController#index as HTML
  Rendering layout layouts/application.html.erb
  Rendering home/index.html.erb within layouts/application
  Rendered home/index.html.erb within layouts/application (Duration: 0.5ms | Allocations: 114)
[Webpacker] Everything's up-to-date. Nothing to do
  Rendered home/_header.html.erb (Duration: 2.2ms | Allocations: 143)
  Rendered layout layouts/application.html.erb (Duration: 23.8ms | Allocations: 3762)
Completed 200 OK in 33ms (Views: 31.1ms | Allocations: 4966)


Started GET "/" for 127.0.0.1 at 2021-08-25 16:20:39 +0800
Processing by HomeController#index as HTML
  Rendering layout layouts/application.html.erb
  Rendering home/index.html.erb within layouts/application
  Rendered home/index.html.erb within layouts/application (Duration: 0.4ms | Allocations: 109)
[Webpacker] Everything's up-to-date. Nothing to do
  Rendered home/_header.html.erb (Duration: 0.7ms | Allocations: 131)
  Rendered layout layouts/application.html.erb (Duration: 22.2ms | Allocations: 3741)
Completed 200 OK in 39ms (Views: 36.6ms | Allocations: 4946)


Started GET "/" for 127.0.0.1 at 2021-08-25 16:23:59 +0800
Processing by HomeController#index as HTML
  Rendering layout layouts/application.html.erb
  Rendering home/index.html.erb within layouts/application
  Rendered home/index.html.erb within layouts/application (Duration: 0.5ms | Allocations: 109)
[Webpacker] Everything's up-to-date. Nothing to do
  Rendered home/_header.html.erb (Duration: 1.2ms | Allocations: 129)
  Rendered layout layouts/application.html.erb (Duration: 20.0ms | Allocations: 3737)
Completed 200 OK in 28ms (Views: 26.4ms | Allocations: 4934)


Started GET "/" for 127.0.0.1 at 2021-08-25 17:26:00 +0800
Processing by HomeController#index as HTML
  Rendering layout layouts/application.html.erb
  Rendering home/index.html.erb within layouts/application
  Rendered home/index.html.erb within layouts/application (Duration: 0.5ms | Allocations: 109)
[Webpacker] Everything's up-to-date. Nothing to do
  Rendered home/_header.html.erb (Duration: 2.5ms | Allocations: 243)
  Rendered layout layouts/application.html.erb (Duration: 22.6ms | Allocations: 3851)
Completed 200 OK in 32ms (Views: 30.9ms | Allocations: 5051)


Started GET "/" for 127.0.0.1 at 2021-08-25 17:26:02 +0800
Processing by HomeController#index as HTML
  Rendering layout layouts/application.html.erb
  Rendering home/index.html.erb within layouts/application
  Rendered home/index.html.erb within layouts/application (Duration: 0.1ms | Allocations: 39)
[Webpacker] Everything's up-to-date. Nothing to do
  Rendered home/_header.html.erb (Duration: 0.2ms | Allocations: 76)
  Rendered layout layouts/application.html.erb (Duration: 16.2ms | Allocations: 3211)
Completed 200 OK in 21ms (Views: 19.8ms | Allocations: 3659)


Started GET "/" for 127.0.0.1 at 2021-08-25 17:26:04 +0800
Processing by HomeController#index as HTML
  Rendering layout layouts/application.html.erb
  Rendering home/index.html.erb within layouts/application
  Rendered home/index.html.erb within layouts/application (Duration: 0.1ms | Allocations: 39)
[Webpacker] Everything's up-to-date. Nothing to do
  Rendered home/_header.html.erb (Duration: 2.1ms | Allocations: 76)
  Rendered layout layouts/application.html.erb (Duration: 17.6ms | Allocations: 3209)
Completed 200 OK in 22ms (Views: 21.3ms | Allocations: 3650)


Started GET "/" for 127.0.0.1 at 2021-08-25 17:26:05 +0800
Processing by HomeController#index as HTML
  Rendering layout layouts/application.html.erb
  Rendering home/index.html.erb within layouts/application
  Rendered home/index.html.erb within layouts/application (Duration: 0.1ms | Allocations: 39)
[Webpacker] Everything's up-to-date. Nothing to do
  Rendered home/_header.html.erb (Duration: 0.2ms | Allocations: 76)
  Rendered layout layouts/application.html.erb (Duration: 19.5ms | Allocations: 3214)
Completed 200 OK in 23ms (Views: 21.6ms | Allocations: 3657)


Started GET "/" for 127.0.0.1 at 2021-08-25 17:26:05 +0800
Processing by HomeController#index as HTML
  Rendering layout layouts/application.html.erb
  Rendering home/index.html.erb within layouts/application
  Rendered home/index.html.erb within layouts/application (Duration: 0.1ms | Allocations: 39)
[Webpacker] Everything's up-to-date. Nothing to do
  Rendered home/_header.html.erb (Duration: 1.6ms | Allocations: 76)
  Rendered layout layouts/application.html.erb (Duration: 27.1ms | Allocations: 3209)
Completed 200 OK in 32ms (Views: 29.7ms | Allocations: 3650)


Started GET "/" for 127.0.0.1 at 2021-08-25 17:26:06 +0800
Processing by HomeController#index as HTML
  Rendering layout layouts/application.html.erb
  Rendering home/index.html.erb within layouts/application
  Rendered home/index.html.erb within layouts/application (Duration: 0.1ms | Allocations: 39)
[Webpacker] Everything's up-to-date. Nothing to do
  Rendered home/_header.html.erb (Duration: 0.3ms | Allocations: 76)
  Rendered layout layouts/application.html.erb (Duration: 16.9ms | Allocations: 3209)
Completed 200 OK in 22ms (Views: 19.5ms | Allocations: 3650)


Started GET "/" for 127.0.0.1 at 2021-08-25 17:26:08 +0800
Processing by HomeController#index as HTML
  Rendering layout layouts/application.html.erb
  Rendering home/index.html.erb within layouts/application
  Rendered home/index.html.erb within layouts/application (Duration: 0.1ms | Allocations: 39)
[Webpacker] Everything's up-to-date. Nothing to do
  Rendered home/_header.html.erb (Duration: 0.3ms | Allocations: 76)
  Rendered layout layouts/application.html.erb (Duration: 18.1ms | Allocations: 3209)
Completed 200 OK in 23ms (Views: 21.9ms | Allocations: 3650)


Started GET "/" for 127.0.0.1 at 2021-08-25 17:26:08 +0800
Processing by HomeController#index as HTML
  Rendering layout layouts/application.html.erb
  Rendering home/index.html.erb within layouts/application
  Rendered home/index.html.erb within layouts/application (Duration: 0.1ms | Allocations: 39)
[Webpacker] Everything's up-to-date. Nothing to do
  Rendered home/_header.html.erb (Duration: 0.3ms | Allocations: 76)
  Rendered layout layouts/application.html.erb (Duration: 25.5ms | Allocations: 3209)
Completed 200 OK in 28ms (Views: 27.7ms | Allocations: 3650)


Started GET "/home/about" for 127.0.0.1 at 2021-08-25 17:26:24 +0800
Processing by HomeController#about as HTML
  Rendering layout layouts/application.html.erb
  Rendering home/about.html.erb within layouts/application
  Rendered home/about.html.erb within layouts/application (Duration: 0.7ms | Allocations: 106)
[Webpacker] Everything's up-to-date. Nothing to do
  Rendered home/_header.html.erb (Duration: 0.2ms | Allocations: 76)
  Rendered layout layouts/application.html.erb (Duration: 17.3ms | Allocations: 3275)
Completed 200 OK in 21ms (Views: 19.2ms | Allocations: 3842)


Started GET "/home/about" for 127.0.0.1 at 2021-08-25 17:26:27 +0800
Processing by HomeController#about as HTML
  Rendering layout layouts/application.html.erb
  Rendering home/about.html.erb within layouts/application
  Rendered home/about.html.erb within layouts/application (Duration: 0.1ms | Allocations: 39)
[Webpacker] Everything's up-to-date. Nothing to do
  Rendered home/_header.html.erb (Duration: 0.2ms | Allocations: 76)
  Rendered layout layouts/application.html.erb (Duration: 15.1ms | Allocations: 3208)
Completed 200 OK in 20ms (Views: 18.8ms | Allocations: 3649)


Started GET "/home/about" for 127.0.0.1 at 2021-08-25 17:26:29 +0800
Processing by HomeController#about as HTML
  Rendering layout layouts/application.html.erb
  Rendering home/about.html.erb within layouts/application
  Rendered home/about.html.erb within layouts/application (Duration: 0.3ms | Allocations: 39)
[Webpacker] Everything's up-to-date. Nothing to do
  Rendered home/_header.html.erb (Duration: 0.3ms | Allocations: 76)
  Rendered layout layouts/application.html.erb (Duration: 15.7ms | Allocations: 3208)
Completed 200 OK in 22ms (Views: 20.9ms | Allocations: 3649)


Started GET "/home/about" for 127.0.0.1 at 2021-08-25 17:26:30 +0800
Processing by HomeController#about as HTML
  Rendering layout layouts/application.html.erb
  Rendering home/about.html.erb within layouts/application
  Rendered home/about.html.erb within layouts/application (Duration: 0.1ms | Allocations: 39)
[Webpacker] Everything's up-to-date. Nothing to do
  Rendered home/_header.html.erb (Duration: 0.2ms | Allocations: 76)
  Rendered layout layouts/application.html.erb (Duration: 28.3ms | Allocations: 3209)
Completed 200 OK in 32ms (Views: 31.5ms | Allocations: 3650)


Started GET "/home/about" for 127.0.0.1 at 2021-08-25 17:26:30 +0800
Processing by HomeController#about as HTML
  Rendering layout layouts/application.html.erb
  Rendering home/about.html.erb within layouts/application
  Rendered home/about.html.erb within layouts/application (Duration: 0.2ms | Allocations: 39)
[Webpacker] Everything's up-to-date. Nothing to do
  Rendered home/_header.html.erb (Duration: 0.2ms | Allocations: 76)
  Rendered layout layouts/application.html.erb (Duration: 22.9ms | Allocations: 3213)
Completed 200 OK in 31ms (Views: 30.2ms | Allocations: 3656)


Started GET "/home/about" for 127.0.0.1 at 2021-08-25 17:26:31 +0800
Processing by HomeController#about as HTML
  Rendering layout layouts/application.html.erb
  Rendering home/about.html.erb within layouts/application
  Rendered home/about.html.erb within layouts/application (Duration: 0.1ms | Allocations: 39)
[Webpacker] Everything's up-to-date. Nothing to do
  Rendered home/_header.html.erb (Duration: 5.2ms | Allocations: 76)
  Rendered layout layouts/application.html.erb (Duration: 23.6ms | Allocations: 3208)
Completed 200 OK in 30ms (Views: 28.7ms | Allocations: 3649)


Started GET "/home/about" for 127.0.0.1 at 2021-08-25 17:26:40 +0800
Processing by HomeController#about as HTML
  Rendering layout layouts/application.html.erb
  Rendering home/about.html.erb within layouts/application
  Rendered home/about.html.erb within layouts/application (Duration: 0.1ms | Allocations: 39)
[Webpacker] Everything's up-to-date. Nothing to do
  Rendered home/_header.html.erb (Duration: 0.3ms | Allocations: 76)
  Rendered layout layouts/application.html.erb (Duration: 17.1ms | Allocations: 3208)
Completed 200 OK in 23ms (Views: 21.5ms | Allocations: 3646)


Started GET "/home/about" for 127.0.0.1 at 2021-08-25 17:26:43 +0800
Processing by HomeController#about as HTML
  Rendering layout layouts/application.html.erb
  Rendering home/about.html.erb within layouts/application
  Rendered home/about.html.erb within layouts/application (Duration: 0.1ms | Allocations: 39)
[Webpacker] Everything's up-to-date. Nothing to do
  Rendered home/_header.html.erb (Duration: 0.3ms | Allocations: 76)
  Rendered layout layouts/application.html.erb (Duration: 15.5ms | Allocations: 3208)
Completed 200 OK in 21ms (Views: 20.2ms | Allocations: 3649)


Started GET "/home/about" for 127.0.0.1 at 2021-08-25 17:26:43 +0800
Processing by HomeController#about as HTML
  Rendering layout layouts/application.html.erb
  Rendering home/about.html.erb within layouts/application
  Rendered home/about.html.erb within layouts/application (Duration: 0.1ms | Allocations: 39)
[Webpacker] Everything's up-to-date. Nothing to do
  Rendered home/_header.html.erb (Duration: 0.3ms | Allocations: 76)
  Rendered layout layouts/application.html.erb (Duration: 22.3ms | Allocations: 3208)
Completed 200 OK in 30ms (Views: 29.0ms | Allocations: 3649)


Started GET "/home/about" for 127.0.0.1 at 2021-08-25 17:26:43 +0800
Processing by HomeController#about as HTML
  Rendering layout layouts/application.html.erb
  Rendering home/about.html.erb within layouts/application
  Rendered home/about.html.erb within layouts/application (Duration: 0.1ms | Allocations: 39)
[Webpacker] Everything's up-to-date. Nothing to do
  Rendered home/_header.html.erb (Duration: 0.2ms | Allocations: 76)
  Rendered layout layouts/application.html.erb (Duration: 26.5ms | Allocations: 3208)
Completed 200 OK in 31ms (Views: 30.2ms | Allocations: 3649)


Started GET "/home/about" for 127.0.0.1 at 2021-08-25 17:26:44 +0800
Processing by HomeController#about as HTML
  Rendering layout layouts/application.html.erb
  Rendering home/about.html.erb within layouts/application
  Rendered home/about.html.erb within layouts/application (Duration: 0.2ms | Allocations: 39)
[Webpacker] Everything's up-to-date. Nothing to do
  Rendered home/_header.html.erb (Duration: 0.3ms | Allocations: 76)
  Rendered layout layouts/application.html.erb (Duration: 26.7ms | Allocations: 3208)
Completed 200 OK in 41ms (Views: 40.4ms | Allocations: 3649)


Started GET "/home/about" for 127.0.0.1 at 2021-08-25 17:26:48 +0800
Processing by HomeController#about as HTML
  Rendering layout layouts/application.html.erb
  Rendering home/about.html.erb within layouts/application
  Rendered home/about.html.erb within layouts/application (Duration: 0.1ms | Allocations: 39)
[Webpacker] Everything's up-to-date. Nothing to do
  Rendered home/_header.html.erb (Duration: 0.2ms | Allocations: 76)
  Rendered layout layouts/application.html.erb (Duration: 22.3ms | Allocations: 3208)
Completed 200 OK in 28ms (Views: 27.2ms | Allocations: 3649)


Started GET "/home/about" for 127.0.0.1 at 2021-08-25 17:30:11 +0800
Processing by HomeController#about as HTML
  Rendering layout layouts/application.html.erb
  Rendering home/about.html.erb within layouts/application
  Rendered home/about.html.erb within layouts/application (Duration: 0.4ms | Allocations: 108)
[Webpacker] Everything's up-to-date. Nothing to do
  Rendered home/_header.html.erb (Duration: 9.3ms | Allocations: 205)
  Rendered layout layouts/application.html.erb (Duration: 28.5ms | Allocations: 3812)
Completed 200 OK in 41ms (Views: 38.4ms | Allocations: 5016)


Started GET "/home/about" for 127.0.0.1 at 2021-08-25 17:30:12 +0800
Processing by HomeController#about as HTML
  Rendering layout layouts/application.html.erb
  Rendering home/about.html.erb within layouts/application
  Rendered home/about.html.erb within layouts/application (Duration: 0.2ms | Allocations: 39)
[Webpacker] Everything's up-to-date. Nothing to do
  Rendered home/_header.html.erb (Duration: 0.5ms | Allocations: 76)
  Rendered layout layouts/application.html.erb (Duration: 20.4ms | Allocations: 3213)
Completed 200 OK in 23ms (Views: 21.7ms | Allocations: 3654)


Started GET "/home/about" for 127.0.0.1 at 2021-08-25 17:30:14 +0800
Processing by HomeController#about as HTML
  Rendering layout layouts/application.html.erb
  Rendering home/about.html.erb within layouts/application
  Rendered home/about.html.erb within layouts/application (Duration: 0.2ms | Allocations: 39)
[Webpacker] Everything's up-to-date. Nothing to do
  Rendered home/_header.html.erb (Duration: 0.3ms | Allocations: 76)
  Rendered layout layouts/application.html.erb (Duration: 18.5ms | Allocations: 3208)
Completed 200 OK in 23ms (Views: 22.4ms | Allocations: 3649)


Started GET "/home/about" for 127.0.0.1 at 2021-08-25 17:30:15 +0800
Processing by HomeController#about as HTML
  Rendering layout layouts/application.html.erb
  Rendering home/about.html.erb within layouts/application
  Rendered home/about.html.erb within layouts/application (Duration: 0.1ms | Allocations: 39)
[Webpacker] Everything's up-to-date. Nothing to do
  Rendered home/_header.html.erb (Duration: 0.2ms | Allocations: 76)
  Rendered layout layouts/application.html.erb (Duration: 14.7ms | Allocations: 3208)
Completed 200 OK in 18ms (Views: 17.6ms | Allocations: 3649)


Started GET "/home/about" for 127.0.0.1 at 2021-08-25 17:30:16 +0800
Processing by HomeController#about as HTML
  Rendering layout layouts/application.html.erb
  Rendering home/about.html.erb within layouts/application
  Rendered home/about.html.erb within layouts/application (Duration: 0.1ms | Allocations: 39)
[Webpacker] Everything's up-to-date. Nothing to do
  Rendered home/_header.html.erb (Duration: 0.5ms | Allocations: 76)
  Rendered layout layouts/application.html.erb (Duration: 20.2ms | Allocations: 3208)
Completed 200 OK in 24ms (Views: 22.7ms | Allocations: 3649)


Started GET "/home/about" for 127.0.0.1 at 2021-08-25 17:30:16 +0800
Processing by HomeController#about as HTML
  Rendering layout layouts/application.html.erb
  Rendering home/about.html.erb within layouts/application
  Rendered home/about.html.erb within layouts/application (Duration: 0.1ms | Allocations: 39)
[Webpacker] Everything's up-to-date. Nothing to do
  Rendered home/_header.html.erb (Duration: 0.3ms | Allocations: 76)
  Rendered layout layouts/application.html.erb (Duration: 27.8ms | Allocations: 3208)
Completed 200 OK in 32ms (Views: 31.6ms | Allocations: 3649)


Started GET "/home/about" for 127.0.0.1 at 2021-08-25 17:30:17 +0800
Processing by HomeController#about as HTML
  Rendering layout layouts/application.html.erb
  Rendering home/about.html.erb within layouts/application
  Rendered home/about.html.erb within layouts/application (Duration: 0.1ms | Allocations: 39)
[Webpacker] Everything's up-to-date. Nothing to do
  Rendered home/_header.html.erb (Duration: 4.8ms | Allocations: 76)
  Rendered layout layouts/application.html.erb (Duration: 31.3ms | Allocations: 3208)
Completed 200 OK in 37ms (Views: 33.7ms | Allocations: 3649)


Started GET "/home/about" for 127.0.0.1 at 2021-08-25 17:30:18 +0800
Processing by HomeController#about as HTML
  Rendering layout layouts/application.html.erb
  Rendering home/about.html.erb within layouts/application
  Rendered home/about.html.erb within layouts/application (Duration: 0.1ms | Allocations: 39)
[Webpacker] Everything's up-to-date. Nothing to do
  Rendered home/_header.html.erb (Duration: 0.3ms | Allocations: 76)
  Rendered layout layouts/application.html.erb (Duration: 20.2ms | Allocations: 3208)
Completed 200 OK in 29ms (Views: 28.0ms | Allocations: 3649)


Started GET "/home/about" for 127.0.0.1 at 2021-08-25 17:30:18 +0800
Processing by HomeController#about as HTML
  Rendering layout layouts/application.html.erb
  Rendering home/about.html.erb within layouts/application
  Rendered home/about.html.erb within layouts/application (Duration: 0.1ms | Allocations: 39)
[Webpacker] Everything's up-to-date. Nothing to do
  Rendered home/_header.html.erb (Duration: 0.3ms | Allocations: 76)
  Rendered layout layouts/application.html.erb (Duration: 20.4ms | Allocations: 3211)
Completed 200 OK in 28ms (Views: 23.1ms | Allocations: 3652)


Started GET "/home/about" for 127.0.0.1 at 2021-08-25 17:30:20 +0800
Processing by HomeController#about as HTML
  Rendering layout layouts/application.html.erb
  Rendering home/about.html.erb within layouts/application
  Rendered home/about.html.erb within layouts/application (Duration: 0.1ms | Allocations: 39)
[Webpacker] Everything's up-to-date. Nothing to do
  Rendered home/_header.html.erb (Duration: 0.3ms | Allocations: 76)
  Rendered layout layouts/application.html.erb (Duration: 17.7ms | Allocations: 3208)
Completed 200 OK in 22ms (Views: 21.0ms | Allocations: 3649)


Started GET "/home/about" for 127.0.0.1 at 2021-08-25 17:30:47 +0800
Processing by HomeController#about as HTML
  Rendering layout layouts/application.html.erb
  Rendering home/about.html.erb within layouts/application
  Rendered home/about.html.erb within layouts/application (Duration: 0.6ms | Allocations: 112)
[Webpacker] Everything's up-to-date. Nothing to do
  Rendered home/_header.html.erb (Duration: 5.5ms | Allocations: 204)
  Rendered layout layouts/application.html.erb (Duration: 28.8ms | Allocations: 3820)
Completed 200 OK in 42ms (Views: 40.3ms | Allocations: 5022)


Started GET "/home/about" for 127.0.0.1 at 2021-08-25 17:30:49 +0800
Processing by HomeController#about as HTML
  Rendering layout layouts/application.html.erb
  Rendering home/about.html.erb within layouts/application
  Rendered home/about.html.erb within layouts/application (Duration: 0.1ms | Allocations: 39)
[Webpacker] Everything's up-to-date. Nothing to do
  Rendered home/_header.html.erb (Duration: 0.3ms | Allocations: 76)
  Rendered layout layouts/application.html.erb (Duration: 21.3ms | Allocations: 3208)
Completed 200 OK in 25ms (Views: 24.3ms | Allocations: 3650)


Started GET "/home/about" for 127.0.0.1 at 2021-08-25 17:30:50 +0800
Processing by HomeController#about as HTML
  Rendering layout layouts/application.html.erb
  Rendering home/about.html.erb within layouts/application
  Rendered home/about.html.erb within layouts/application (Duration: 0.1ms | Allocations: 39)
[Webpacker] Everything's up-to-date. Nothing to do
  Rendered home/_header.html.erb (Duration: 0.5ms | Allocations: 76)
  Rendered layout layouts/application.html.erb (Duration: 19.5ms | Allocations: 3208)
Completed 200 OK in 23ms (Views: 22.0ms | Allocations: 3649)


Started GET "/home/about" for 127.0.0.1 at 2021-08-25 17:30:51 +0800
Processing by HomeController#about as HTML
  Rendering layout layouts/application.html.erb
  Rendering home/about.html.erb within layouts/application
  Rendered home/about.html.erb within layouts/application (Duration: 0.1ms | Allocations: 39)
[Webpacker] Everything's up-to-date. Nothing to do
  Rendered home/_header.html.erb (Duration: 0.3ms | Allocations: 76)
  Rendered layout layouts/application.html.erb (Duration: 15.7ms | Allocations: 3208)
Completed 200 OK in 20ms (Views: 18.8ms | Allocations: 3649)


Started GET "/home/about" for 127.0.0.1 at 2021-08-25 17:30:52 +0800
Processing by HomeController#about as HTML
  Rendering layout layouts/application.html.erb
  Rendering home/about.html.erb within layouts/application
  Rendered home/about.html.erb within layouts/application (Duration: 0.1ms | Allocations: 39)
[Webpacker] Everything's up-to-date. Nothing to do
  Rendered home/_header.html.erb (Duration: 0.3ms | Allocations: 76)
  Rendered layout layouts/application.html.erb (Duration: 25.0ms | Allocations: 3208)
Completed 200 OK in 27ms (Views: 26.0ms | Allocations: 3649)


Started GET "/home/about" for 127.0.0.1 at 2021-08-25 17:30:52 +0800
Processing by HomeController#about as HTML
  Rendering layout layouts/application.html.erb
  Rendering home/about.html.erb within layouts/application
  Rendered home/about.html.erb within layouts/application (Duration: 0.1ms | Allocations: 39)
[Webpacker] Everything's up-to-date. Nothing to do
  Rendered home/_header.html.erb (Duration: 0.3ms | Allocations: 76)
  Rendered layout layouts/application.html.erb (Duration: 24.1ms | Allocations: 3208)
Completed 200 OK in 46ms (Views: 24.8ms | Allocations: 3649)


Started GET "/home/about" for 127.0.0.1 at 2021-08-25 17:31:09 +0800
Processing by HomeController#about as HTML
  Rendering layout layouts/application.html.erb
  Rendering home/about.html.erb within layouts/application
  Rendered home/about.html.erb within layouts/application (Duration: 3.1ms | Allocations: 107)
[Webpacker] Everything's up-to-date. Nothing to do
  Rendered home/_header.html.erb (Duration: 1.2ms | Allocations: 204)
  Rendered layout layouts/application.html.erb (Duration: 27.9ms | Allocations: 3809)
Completed 200 OK in 38ms (Views: 36.7ms | Allocations: 5005)


Started GET "/" for 127.0.0.1 at 2021-08-25 17:31:11 +0800
Processing by HomeController#index as HTML
  Rendering layout layouts/application.html.erb
  Rendering home/index.html.erb within layouts/application
  Rendered home/index.html.erb within layouts/application (Duration: 0.4ms | Allocations: 105)
[Webpacker] Everything's up-to-date. Nothing to do
  Rendered home/_header.html.erb (Duration: 0.3ms | Allocations: 76)
  Rendered layout layouts/application.html.erb (Duration: 15.7ms | Allocations: 3275)
Completed 200 OK in 21ms (Views: 18.6ms | Allocations: 3843)


Started GET "/" for 127.0.0.1 at 2021-08-25 17:31:13 +0800
Processing by HomeController#index as HTML
  Rendering layout layouts/application.html.erb
  Rendering home/index.html.erb within layouts/application
  Rendered home/index.html.erb within layouts/application (Duration: 0.1ms | Allocations: 39)
[Webpacker] Everything's up-to-date. Nothing to do
  Rendered home/_header.html.erb (Duration: 0.3ms | Allocations: 76)
  Rendered layout layouts/application.html.erb (Duration: 16.0ms | Allocations: 3214)
Completed 200 OK in 23ms (Views: 21.0ms | Allocations: 3657)


Started GET "/" for 127.0.0.1 at 2021-08-25 17:31:14 +0800
Processing by HomeController#index as HTML
  Rendering layout layouts/application.html.erb
  Rendering home/index.html.erb within layouts/application
  Rendered home/index.html.erb within layouts/application (Duration: 0.2ms | Allocations: 39)
[Webpacker] Everything's up-to-date. Nothing to do
  Rendered home/_header.html.erb (Duration: 0.3ms | Allocations: 76)
  Rendered layout layouts/application.html.erb (Duration: 22.7ms | Allocations: 3209)
Completed 200 OK in 29ms (Views: 28.2ms | Allocations: 3651)


Started GET "/home/about" for 127.0.0.1 at 2021-08-25 17:32:11 +0800
Processing by HomeController#about as HTML
  Rendering layout layouts/application.html.erb
  Rendering home/about.html.erb within layouts/application
  Rendered home/about.html.erb within layouts/application (Duration: 0.7ms | Allocations: 110)
[Webpacker] Everything's up-to-date. Nothing to do
  Rendered home/_header.html.erb (Duration: 1.1ms | Allocations: 202)
  Rendered layout layouts/application.html.erb (Duration: 24.4ms | Allocations: 3811)
Completed 200 OK in 33ms (Views: 31.0ms | Allocations: 5012)


Started GET "/" for 127.0.0.1 at 2021-08-25 17:32:13 +0800
Processing by HomeController#index as HTML
  Rendering layout layouts/application.html.erb
  Rendering home/index.html.erb within layouts/application
  Rendered home/index.html.erb within layouts/application (Duration: 0.4ms | Allocations: 105)
[Webpacker] Everything's up-to-date. Nothing to do
  Rendered home/_header.html.erb (Duration: 0.3ms | Allocations: 76)
  Rendered layout layouts/application.html.erb (Duration: 18.3ms | Allocations: 3275)
Completed 200 OK in 21ms (Views: 19.1ms | Allocations: 3843)


Started GET "/" for 127.0.0.1 at 2021-08-25 17:32:17 +0800
Processing by HomeController#index as HTML
  Rendering layout layouts/application.html.erb
  Rendering home/index.html.erb within layouts/application
  Rendered home/index.html.erb within layouts/application (Duration: 0.1ms | Allocations: 39)
[Webpacker] Everything's up-to-date. Nothing to do
  Rendered home/_header.html.erb (Duration: 0.3ms | Allocations: 76)
  Rendered layout layouts/application.html.erb (Duration: 24.1ms | Allocations: 3209)
Completed 200 OK in 32ms (Views: 27.3ms | Allocations: 3650)


Started GET "/" for 127.0.0.1 at 2021-08-25 17:36:46 +0800
Processing by HomeController#index as HTML
  Rendering layout layouts/application.html.erb
  Rendering home/index.html.erb within layouts/application
  Rendered home/index.html.erb within layouts/application (Duration: 0.5ms | Allocations: 109)
[Webpacker] Everything's up-to-date. Nothing to do
  Rendered home/_header.html.erb (Duration: 2.1ms | Allocations: 253)
  Rendered layout layouts/application.html.erb (Duration: 22.4ms | Allocations: 3861)
Completed 200 OK in 32ms (Views: 26.4ms | Allocations: 5057)


Started GET "/home/about" for 127.0.0.1 at 2021-08-25 17:36:48 +0800
Processing by HomeController#about as HTML
  Rendering layout layouts/application.html.erb
  Rendering home/about.html.erb within layouts/application
  Rendered home/about.html.erb within layouts/application (Duration: 0.4ms | Allocations: 103)
[Webpacker] Everything's up-to-date. Nothing to do
  Rendered home/_header.html.erb (Duration: 2.5ms | Allocations: 99)
  Rendered layout layouts/application.html.erb (Duration: 14.3ms | Allocations: 3295)
Completed 200 OK in 21ms (Views: 19.7ms | Allocations: 3862)


Started GET "/" for 127.0.0.1 at 2021-08-25 17:36:50 +0800
Processing by HomeController#index as HTML
  Rendering layout layouts/application.html.erb
  Rendering home/index.html.erb within layouts/application
  Rendered home/index.html.erb within layouts/application (Duration: 0.2ms | Allocations: 39)
[Webpacker] Everything's up-to-date. Nothing to do
  Rendered home/_header.html.erb (Duration: 3.4ms | Allocations: 99)
  Rendered layout layouts/application.html.erb (Duration: 25.6ms | Allocations: 3237)
Completed 200 OK in 35ms (Views: 33.8ms | Allocations: 3680)


Started GET "/home/about" for 127.0.0.1 at 2021-08-25 17:36:51 +0800
Processing by HomeController#about as HTML
  Rendering layout layouts/application.html.erb
  Rendering home/about.html.erb within layouts/application
  Rendered home/about.html.erb within layouts/application (Duration: 0.1ms | Allocations: 39)
[Webpacker] Everything's up-to-date. Nothing to do
  Rendered home/_header.html.erb (Duration: 0.3ms | Allocations: 99)
  Rendered layout layouts/application.html.erb (Duration: 22.8ms | Allocations: 3231)
Completed 200 OK in 27ms (Views: 26.4ms | Allocations: 3672)


Started GET "/" for 127.0.0.1 at 2021-08-25 17:36:53 +0800
Processing by HomeController#index as HTML
  Rendering layout layouts/application.html.erb
  Rendering home/index.html.erb within layouts/application
  Rendered home/index.html.erb within layouts/application (Duration: 0.1ms | Allocations: 39)
[Webpacker] Everything's up-to-date. Nothing to do
  Rendered home/_header.html.erb (Duration: 0.3ms | Allocations: 99)
  Rendered layout layouts/application.html.erb (Duration: 15.8ms | Allocations: 3232)
Completed 200 OK in 20ms (Views: 19.2ms | Allocations: 3673)


Started GET "/home/about" for 127.0.0.1 at 2021-08-25 17:36:54 +0800
Processing by HomeController#about as HTML
  Rendering layout layouts/application.html.erb
  Rendering home/about.html.erb within layouts/application
  Rendered home/about.html.erb within layouts/application (Duration: 0.1ms | Allocations: 39)
[Webpacker] Everything's up-to-date. Nothing to do
  Rendered home/_header.html.erb (Duration: 0.3ms | Allocations: 99)
  Rendered layout layouts/application.html.erb (Duration: 17.1ms | Allocations: 3231)
Completed 200 OK in 20ms (Views: 19.4ms | Allocations: 3672)


Started GET "/" for 127.0.0.1 at 2021-08-25 17:36:55 +0800
Processing by HomeController#index as HTML
  Rendering layout layouts/application.html.erb
  Rendering home/index.html.erb within layouts/application
  Rendered home/index.html.erb within layouts/application (Duration: 0.1ms | Allocations: 39)
[Webpacker] Everything's up-to-date. Nothing to do
  Rendered home/_header.html.erb (Duration: 0.3ms | Allocations: 99)
  Rendered layout layouts/application.html.erb (Duration: 24.9ms | Allocations: 3232)
Completed 200 OK in 28ms (Views: 26.9ms | Allocations: 3673)


Started GET "/" for 127.0.0.1 at 2021-08-25 17:36:55 +0800
Processing by HomeController#index as HTML
  Rendering layout layouts/application.html.erb
  Rendering home/index.html.erb within layouts/application
  Rendered home/index.html.erb within layouts/application (Duration: 0.1ms | Allocations: 39)
[Webpacker] Everything's up-to-date. Nothing to do
  Rendered home/_header.html.erb (Duration: 0.3ms | Allocations: 99)
  Rendered layout layouts/application.html.erb (Duration: 24.1ms | Allocations: 3232)
Completed 200 OK in 34ms (Views: 32.3ms | Allocations: 3673)


